"../../../../../GitHub Repository/RollerBallGame/Content/Geometry/Meshes/CubeMaterial.uasset" 0
"../../../../../GitHub Repository/RollerBallGame/Content/Geometry/Meshes/1M_Cube.uasset" 1
"../../../../../GitHub Repository/RollerBallGame/Content/Geometry/Meshes/1M_Cube_Chamfer.uasset" 2
"../../../../../GitHub Repository/RollerBallGame/Content/Geometry/Meshes/TemplateFloor.uasset" 3
"../../../../../GitHub Repository/RollerBallGame/Content/Rolling/Materials/BaseMaterial.uasset" 4
"../../../../../GitHub Repository/RollerBallGame/Content/Rolling/Materials/GrayMaterial.uasset" 5
"../../../../../GitHub Repository/RollerBallGame/Content/Rolling/Materials/GrayMetalMaterial.uasset" 6
"../../../../../GitHub Repository/RollerBallGame/Content/StarterContent/Materials/M_Basic_Wall.uasset" 7
"../../../../../GitHub Repository/RollerBallGame/Content/StarterContent/Architecture/Pillar_50x500.uasset" 8
"../../../../../GitHub Repository/RollerBallGame/Content/StarterContent/Architecture/Wall_400x300.uasset" 9
"../../../../../GitHub Repository/RollerBallGame/Content/StarterContent/Architecture/Wall_400x400.uasset" 10
"../../../../../GitHub Repository/RollerBallGame/Content/StarterContent/Architecture/Wall_500x500.uasset" 11
"../../../../../GitHub Repository/RollerBallGame/Content/StarterContent/Architecture/Wall_Door_400x400.uasset" 12
"../../../../../GitHub Repository/RollerBallGame/Content/StarterContent/Architecture/Wall_Window_400x400.uasset" 13
"../../../../../GitHub Repository/RollerBallGame/Content/StarterContent/Audio/Collapse01.uasset" 14
"../../../../../GitHub Repository/RollerBallGame/Content/StarterContent/Audio/Collapse02.uasset" 15
"../../../../../GitHub Repository/RollerBallGame/Content/StarterContent/Audio/Explosion01.uasset" 16
"../../../../../GitHub Repository/RollerBallGame/Content/StarterContent/Audio/Explosion02.uasset" 17
"../../../../../GitHub Repository/RollerBallGame/Content/StarterContent/Audio/Fire01.uasset" 18
"../../../../../GitHub Repository/RollerBallGame/Content/StarterContent/Audio/Fire_Sparks01.uasset" 19
"../../../../../GitHub Repository/RollerBallGame/Content/StarterContent/Audio/Light01.uasset" 20
"../../../../../GitHub Repository/RollerBallGame/Content/StarterContent/Audio/Light01_Cue.uasset" 21
"../../../../../GitHub Repository/RollerBallGame/Content/StarterContent/Audio/Light02.uasset" 22
"../../../../../GitHub Repository/RollerBallGame/Content/StarterContent/Audio/Light02_Cue.uasset" 23
"../../../../../GitHub Repository/RollerBallGame/Content/StarterContent/Audio/Smoke01.uasset" 24
"../../../../../GitHub Repository/RollerBallGame/Content/StarterContent/Audio/Starter_Birds01.uasset" 25
"../../../../../GitHub Repository/RollerBallGame/Content/StarterContent/Audio/Starter_Wind05.uasset" 26
"../../../../../GitHub Repository/RollerBallGame/Content/StarterContent/Audio/Starter_Wind06.uasset" 27
"../../../../../GitHub Repository/RollerBallGame/Content/StarterContent/Audio/Steam01.uasset" 28
"../../../../../GitHub Repository/RollerBallGame/Content/StarterContent/Audio/Explosion_Cue.uasset" 29
"../../../../../GitHub Repository/RollerBallGame/Content/StarterContent/Textures/T_Burst_M.uasset" 30
"../../../../../GitHub Repository/RollerBallGame/Content/StarterContent/Particles/Materials/M_Burst.uasset" 31
"../../../../../GitHub Repository/RollerBallGame/Content/StarterContent/Textures/T_Explosion_SubUV.uasset" 32
"../../../../../GitHub Repository/RollerBallGame/Content/StarterContent/Particles/Materials/M_explosion_subUV.uasset" 33
"../../../../../GitHub Repository/RollerBallGame/Content/StarterContent/Particles/Materials/m_flare_01.uasset" 34
"../../../Engine/Content/Functions/Engine_MaterialFunctions01/Gradient/RadialGradient.uasset" 35
"../../../../../GitHub Repository/RollerBallGame/Content/StarterContent/Particles/Materials/M_radial_ramp.uasset" 36
"../../../../../GitHub Repository/RollerBallGame/Content/StarterContent/Textures/T_Smoke_SubUV.uasset" 37
"../../../../../GitHub Repository/RollerBallGame/Content/StarterContent/Textures/T_Smoke_Tiled_D.uasset" 38
"../../../../../GitHub Repository/RollerBallGame/Content/StarterContent/Particles/Materials/M_smoke_subUV.uasset" 39
"../../../../../GitHub Repository/RollerBallGame/Content/StarterContent/Particles/P_Explosion.uasset" 40
"../../../../../GitHub Repository/RollerBallGame/Content/StarterContent/Blueprints/Blueprint_Effect_Explosion.uasset" 41
"../../../Engine/Content/EditorMeshes/ColorCalibrator/T_ColorGrid.uasset" 42
"../../../../../GitHub Repository/RollerBallGame/Content/StarterContent/Materials/M_ColorGrid_LowSpec.uasset" 43
"../../../../../GitHub Repository/RollerBallGame/Content/StarterContent/Textures/T_Bush_D.uasset" 44
"../../../../../GitHub Repository/RollerBallGame/Content/StarterContent/Textures/T_Bush_N.uasset" 45
"../../../../../GitHub Repository/RollerBallGame/Content/StarterContent/Props/Materials/M_Bush.uasset" 46
"../../../../../GitHub Repository/RollerBallGame/Content/StarterContent/Props/SM_Bush.uasset" 47
"../../../../../GitHub Repository/RollerBallGame/Content/StarterContent/Textures/T_Chair_M.uasset" 48
"../../../../../GitHub Repository/RollerBallGame/Content/StarterContent/Textures/T_Chair_N.uasset" 49
"../../../../../GitHub Repository/RollerBallGame/Content/StarterContent/Props/Materials/M_Chair.uasset" 50
"../../../../../GitHub Repository/RollerBallGame/Content/StarterContent/Props/SM_Couch.uasset" 51
"../../../../../GitHub Repository/RollerBallGame/Content/StarterContent/Materials/M_Glass.uasset" 52
"../../../../../GitHub Repository/RollerBallGame/Content/StarterContent/Textures/T_Door_M.uasset" 53
"../../../../../GitHub Repository/RollerBallGame/Content/StarterContent/Textures/T_Door_N.uasset" 54
"../../../../../GitHub Repository/RollerBallGame/Content/StarterContent/Props/Materials/M_Door.uasset" 55
"../../../../../GitHub Repository/RollerBallGame/Content/StarterContent/Props/SM_Door.uasset" 56
"../../../../../GitHub Repository/RollerBallGame/Content/StarterContent/Props/Materials/M_MaterialSphere.uasset" 57
"../../../../../GitHub Repository/RollerBallGame/Content/StarterContent/Props/Materials/M_MaterialSphere_Plain.uasset" 58
"../../../../../GitHub Repository/RollerBallGame/Content/StarterContent/Props/SM_MatPreviewMesh_02.uasset" 59
"../../../Engine/Content/Functions/Engine_MaterialFunctions02/Utility/BlendAngleCorrectedNormals.uasset" 60
"../../../../../GitHub Repository/RollerBallGame/Content/StarterContent/Textures/T_Detail_Rocky_N.uasset" 61
"../../../../../GitHub Repository/RollerBallGame/Content/StarterContent/Textures/T_Rock_Basalt_D.uasset" 62
"../../../../../GitHub Repository/RollerBallGame/Content/StarterContent/Textures/T_RockMesh_M.uasset" 63
"../../../../../GitHub Repository/RollerBallGame/Content/StarterContent/Textures/T_RockMesh_N.uasset" 64
"../../../../../GitHub Repository/RollerBallGame/Content/StarterContent/Props/Materials/M_Rock.uasset" 65
"../../../../../GitHub Repository/RollerBallGame/Content/StarterContent/Props/SM_Rock.uasset" 66
"../../../../../GitHub Repository/RollerBallGame/Content/StarterContent/Textures/T_Shelf_M.uasset" 67
"../../../../../GitHub Repository/RollerBallGame/Content/StarterContent/Textures/T_Shelf_N.uasset" 68
"../../../../../GitHub Repository/RollerBallGame/Content/StarterContent/Props/Materials/M_Shelf.uasset" 69
"../../../../../GitHub Repository/RollerBallGame/Content/StarterContent/Props/SM_Shelf.uasset" 70
"../../../../../GitHub Repository/RollerBallGame/Content/StarterContent/Materials/M_Basic_Floor.uasset" 71
"../../../../../GitHub Repository/RollerBallGame/Content/StarterContent/Props/SM_Stairs.uasset" 72
"../../../../../GitHub Repository/RollerBallGame/Content/StarterContent/Shapes/Shape_Cone.uasset" 73
"../../../../../GitHub Repository/RollerBallGame/Content/StarterContent/Shapes/Shape_Cylinder.uasset" 74
"../../../../../GitHub Repository/RollerBallGame/Content/StarterContent/Shapes/Shape_NarrowCapsule.uasset" 75
"../../../../../GitHub Repository/RollerBallGame/Content/StarterContent/Shapes/Shape_Pipe.uasset" 76
"../../../../../GitHub Repository/RollerBallGame/Content/StarterContent/Shapes/Shape_Pipe_180.uasset" 77
"../../../../../GitHub Repository/RollerBallGame/Content/StarterContent/Shapes/Shape_Pipe_90.uasset" 78
"../../../../../GitHub Repository/RollerBallGame/Content/StarterContent/Shapes/Shape_Plane.uasset" 79
"../../../../../GitHub Repository/RollerBallGame/Content/StarterContent/Shapes/Shape_Torus.uasset" 80
"../../../../../GitHub Repository/RollerBallGame/Content/StarterContent/Shapes/Shape_Trim.uasset" 81
"../../../../../GitHub Repository/RollerBallGame/Content/StarterContent/Shapes/Shape_Trim_90_In.uasset" 82
"../../../../../GitHub Repository/RollerBallGame/Content/StarterContent/Shapes/Shape_Trim_90_Out.uasset" 83
"../../../../../GitHub Repository/RollerBallGame/Content/StarterContent/Shapes/Shape_TriPyramid.uasset" 84
"../../../../../GitHub Repository/RollerBallGame/Content/StarterContent/Shapes/Shape_Tube.uasset" 85
"../../../../../GitHub Repository/RollerBallGame/Content/StarterContent/Shapes/Shape_Wedge_A.uasset" 86
"../../../../../GitHub Repository/RollerBallGame/Content/StarterContent/Shapes/Shape_Wedge_B.uasset" 87
"../../../../../GitHub Repository/RollerBallGame/Content/StarterContent/Shapes/Shape_WideCapsule.uasset" 88
"../../../Engine/Content/Functions/Engine_MaterialFunctions01/Opacity/CameraDepthFade.uasset" 89
"../../../Engine/Content/EngineMaterials/T_Default_Material_Grid_M.uasset" 90
"../../../Engine/Content/EngineMaterials/T_Default_Material_Grid_N.uasset" 91
"../../../Engine/Content/EngineMaterials/WorldGridMaterial.uasset" 92
"../../../Engine/Content/ArtTools/RenderToTexture/Meshes/S_1_Unit_Plane.uasset" 93
"../../../Engine/Content/EngineMaterials/DefaultMaterial.uasset" 94
"../../../Engine/Content/BasicShapes/Cone.uasset" 95
"../../../Engine/Content/BasicShapes/Plane.uasset" 96
"../../../Engine/Content/BasicShapes/Sphere.uasset" 97
"../../../Engine/Content/EditorLandscapeResources/DataLayer.uasset" 98
"../../../Engine/Content/EditorMaterials/GizmoMaterial.uasset" 99
"../../../Engine/Content/EditorMaterials/MAT_Groups_Toggle.uasset" 100
"../../../Engine/Content/EditorMaterials/MAT_Groups_Visibility.uasset" 101
"../../../Engine/Content/EditorMaterials/PreviewShadowIndicator.uasset" 102
"../../../Engine/Content/EditorMaterials/PreviewShadowIndicatorMaterial.uasset" 103
"../../../Engine/Content/EditorMaterials/MatineeGroups/MAT_ColorTrack.uasset" 104
"../../../Engine/Content/EditorMaterials/MatineeGroups/MAT_Groups_Anim.uasset" 105
"../../../Engine/Content/EditorMaterials/MatineeGroups/MAT_Groups_AudioMaster.uasset" 106
"../../../Engine/Content/EditorMaterials/MatineeGroups/MAT_Groups_Director.uasset" 107
"../../../Engine/Content/EditorMaterials/MatineeGroups/MAT_Groups_Event.uasset" 108
"../../../Engine/Content/EditorMaterials/MatineeGroups/MAT_Groups_Fade.uasset" 109
"../../../Engine/Content/EditorMaterials/MatineeGroups/MAT_Groups_Float.uasset" 110
"../../../Engine/Content/EditorMaterials/MatineeGroups/MAT_Groups_Move.uasset" 111
"../../../Engine/Content/EditorMaterials/MatineeGroups/MAT_Groups_Slomo.uasset" 112
"../../../Engine/Content/EditorMaterials/MatineeGroups/MAT_Groups_Sound.uasset" 113
"../../../Engine/Content/EditorMaterials/MatineeGroups/MAT_Groups_Vector.uasset" 114
"../../../Engine/Content/EditorMaterials/ParticleSystems/PSysThumbnail_NoImage.uasset" 115
"../../../Engine/Content/EditorMaterials/ParticleSystems/PSysThumbnail_OOD.uasset" 116
"../../../Engine/Content/EditorMaterials/Camera/CineMat.uasset" 117
"../../../Engine/Content/EditorMaterials/Camera/MI_CineMat_Rig.uasset" 118
"../../../Engine/Content/EditorMeshes/Camera/SM_CraneRig_Arm.uasset" 119
"../../../Engine/Content/EditorMeshes/Camera/SM_CraneRig_Base.uasset" 120
"../../../Engine/Content/EditorMeshes/Camera/SM_CraneRig_Body.uasset" 121
"../../../Engine/Content/EditorMeshes/Camera/SM_CraneRig_Mount.uasset" 122
"../../../Engine/Content/EditorMeshes/Camera/SM_RailRig_Mount.uasset" 123
"../../../Engine/Content/EditorMeshes/Camera/SM_RailRig_Track.uasset" 124
"../../../Engine/Content/EditorResources/BSPVertex.uasset" 125
"../../../Engine/Content/EditorResources/EmptyActor.uasset" 126
"../../../Engine/Content/EditorResources/S_Actor.uasset" 127
"../../../Engine/Content/EditorResources/S_Trigger.uasset" 128
"../../../Engine/Content/EditorResources/AudioIcons/S_AudioComponent.uasset" 129
"../../../Engine/Content/EditorResources/AudioIcons/S_AudioComponent_AutoActivate.uasset" 130
"../../../Engine/Content/EditorResources/LightIcons/S_LightError.uasset" 131
"../../../Engine/Content/EditorResources/SequenceRecorder/Countdown.uasset" 132
"../../../Engine/Content/EditorResources/SequenceRecorder/RecordingIndicator.uasset" 133
"../../../Engine/Content/EditorSounds/Notifications/CompileFailed.uasset" 134
"../../../Engine/Content/EditorSounds/Notifications/CompileFailed_Cue.uasset" 135
"../../../Engine/Content/EditorSounds/Notifications/CompileSuccess.uasset" 136
"../../../Engine/Content/EditorSounds/Notifications/CompileStart_Cue.uasset" 137
"../../../Engine/Content/EditorSounds/Notifications/CompileSuccess_Cue.uasset" 138
"../../../Engine/Content/EngineDamageTypes/DmgTypeBP_Environmental.uasset" 139
"../../../Engine/Content/EngineDebugMaterials/HeatmapGradient.uasset" 140
"../../../Engine/Content/EngineDebugMaterials/BoneWeightMaterial.uasset" 141
"../../../Engine/Content/EngineDebugMaterials/ClothMaterial.uasset" 142
"../../../Engine/Content/EngineDebugMaterials/ClothMaterial_WF.uasset" 143
"../../../Engine/Content/EngineDebugMaterials/DebugEditorMaterial.uasset" 144
"../../../Engine/Content/EngineDebugMaterials/DebugMeshMaterial.uasset" 145
"../../../Engine/Content/EngineDebugMaterials/GeomMaterial.uasset" 146
"../../../Engine/Content/EngineDebugMaterials/M_SimpleTranslucent.uasset" 147
"../../../Engine/Content/EngineFonts/Faces/RobotoBold.uasset" 148
"../../../Engine/Content/EngineFonts/Faces/RobotoBoldItalic.uasset" 149
"../../../Engine/Content/EngineFonts/Faces/RobotoItalic.uasset" 150
"../../../Engine/Content/EngineFonts/Faces/RobotoLight.uasset" 151
"../../../Engine/Content/EngineFonts/Faces/RobotoRegular.uasset" 152
"../../../Engine/Content/EngineFonts/Roboto.uasset" 153
"../../../Engine/Content/EngineFonts/Faces/RobotoTiny.uasset" 154
"../../../Engine/Content/EngineFonts/RobotoTiny.uasset" 155
"../../../Engine/Content/EngineMaterials/BaseFlattenDiffuseMap.uasset" 156
"../../../Engine/Content/EngineMaterials/BaseFlattenEmissiveMap.uasset" 157
"../../../Engine/Content/EngineMaterials/BaseFlattenGrayscaleMap.uasset" 158
"../../../Engine/Content/EngineMaterials/BaseFlattenNormalMap.uasset" 159
"../../../Engine/Content/EngineMaterials/BaseFlattenMaterial.uasset" 160
"../../../Engine/Content/EngineMaterials/DefaultBloomKernel.uasset" 161
"../../../Engine/Content/EngineMaterials/DefaultBokeh.uasset" 162
"../../../Engine/Content/EngineMaterials/DefaultDiffuse.uasset" 163
"../../../Engine/Content/EngineMaterials/DefaultDeferredDecalMaterial.uasset" 164
"../../../Engine/Content/EngineMaterials/DefaultLightFunctionMaterial.uasset" 165
"../../../Engine/Content/EngineMaterials/DefaultPhysicalMaterial.uasset" 166
"../../../Engine/Content/Functions/Engine_MaterialFunctions02/Utility/BreakOutFloat2Components.uasset" 167
"../../../Engine/Content/EngineMaterials/DefaultPostProcessMaterial.uasset" 168
"../../../Engine/Content/EngineFonts/RobotoDistanceField.uasset" 169
"../../../Engine/Content/EngineMaterials/DefaultTextMaterialOpaque.uasset" 170
"../../../Engine/Content/EngineMaterials/DefaultWhiteGrid.uasset" 171
"../../../Engine/Content/EngineMaterials/EditorBrushMaterial.uasset" 172
"../../../Engine/Content/EngineMaterials/Good64x64TilingNoiseHighFreq.uasset" 173
"../../../Engine/Content/EngineMaterials/MiniFont.uasset" 174
"../../../Engine/Content/EngineMaterials/InvalidLightmapSettings.uasset" 175
"../../../Engine/Content/EngineMaterials/M_InvalidLightmapSettings.uasset" 176
"../../../Engine/Content/Functions/Engine_MaterialFunctions02/WorldPositionOffset/CameraOffset.uasset" 177
"../../../Engine/Content/EngineMaterials/PhAT_JointLimitMaterial.uasset" 178
"../../../Engine/Content/EngineMaterials/PreintegratedSkinBRDF.uasset" 179
"../../../Engine/Content/EngineMaterials/RemoveSurfaceMaterial.uasset" 180
"../../../Engine/Content/EngineMaterials/WeightMapPlaceholderTexture.uasset" 181
"../../../Engine/Content/EngineResources/WhiteSquareTexture.uasset" 182
"../../../Engine/Content/EngineMaterials/Widget3DPassThrough.uasset" 183
"../../../Engine/Content/EngineMaterials/Widget3DPassThrough_Masked.uasset" 184
"../../../Engine/Content/EngineMaterials/Widget3DPassThrough_Opaque.uasset" 185
"../../../Engine/Content/EngineMaterials/Widget3DPassThrough_Masked_OneSided.uasset" 186
"../../../Engine/Content/EngineMaterials/Widget3DPassThrough_Opaque_OneSided.uasset" 187
"../../../Engine/Content/EngineMaterials/Widget3DPassThrough_Translucent.uasset" 188
"../../../Engine/Content/EngineMaterials/Widget3DPassThrough_Translucent_OneSided.uasset" 189
"../../../Engine/Content/EngineMeshes/Cylinder.uasset" 190
"../../../Engine/Content/EngineMeshes/Sphere.uasset" 191
"../../../Engine/Content/EngineResources/Black.uasset" 192
"../../../Engine/Content/EngineResources/DefaultTexture.uasset" 193
"../../../Engine/Content/EngineResources/DefaultTextureCube.uasset" 194
"../../../Engine/Content/EngineResources/DefaultVolumeTexture2D.uasset" 195
"../../../Engine/Content/EngineResources/DefaultVolumeTexture.uasset" 196
"../../../Engine/Content/EngineResources/GradientTexture0.uasset" 197
"../../../Engine/Content/EngineSounds/Master.uasset" 198
"../../../Engine/Content/Functions/Engine_MaterialFunctions01/Shading/ConvertFromDiffSpec.uasset" 199
"../../../Engine/Content/Functions/Engine_MaterialFunctions01/Shading/PowerToRoughness.uasset" 200
"../../../Engine/Content/Maps/Templates/Thumbnails/Default.uasset" 201
"../../../Engine/Content/Maps/Templates/Thumbnails/VR-Basic.uasset" 202
"../../../Engine/Content/MobileResources/T_MobileControls_texture.uasset" 203
"../../../Engine/Content/MobileResources/T_MobileMenu2.uasset" 204
"../../../Engine/Content/MobileResources/HUD/AnalogHat.uasset" 205
"../../../Engine/Content/MobileResources/HUD/VirtualJoystick_Background.uasset" 206
"../../../Engine/Content/MobileResources/HUD/VirtualJoystick_Thumb.uasset" 207
"../../../Engine/Content/MobileResources/HUD/DefaultVirtualJoysticks.uasset" 208
"../../../Engine/Content/MobileResources/HUD/LeftVirtualJoystickOnly.uasset" 209
"../../../Engine/Content/MobileResources/HUD/MobileHUDButton1_off.uasset" 210
"../../../Engine/Content/MobileResources/HUD/MobileHUDButton1_on.uasset" 211
"../../../Engine/Content/MobileResources/HUD/MobileHUDButton2_off.uasset" 212
"../../../Engine/Content/MobileResources/HUD/MobileHUDButton2_on.uasset" 213
"../../../Engine/Content/MobileResources/HUD/MobileHUDButton3.uasset" 214
"../../../Engine/Content/MobileResources/HUD/MobileHUDButtonFire.uasset" 215
"../../../Engine/Content/MobileResources/HUD/MobileHUDDirectionPad.uasset" 216
"../../../Engine/Content/MobileResources/HUD/MobileHUDDirectionPad2.uasset" 217
"../../../Engine/Content/MobileResources/HUD/MobileHUDDirectionPad3.uasset" 218
"../../../Engine/Content/MobileResources/HUD/MobileHUDDirectionStick.uasset" 219
"../../../Engine/Content/MobileResources/HUD/T_Castle_ThumbstickInner.uasset" 220
"../../../Engine/Content/MobileResources/HUD/T_Castle_ThumbstickOutter.uasset" 221
"../../../Engine/Content/Tutorial/ContentIntroCurve.uasset" 222
"../../../Engine/Content/VREditor/LaserPointer/VR_LaserPower_01.uasset" 223
"../../../Engine/Content/VREditor/TransformGizmo/TransformGizmoMaterial.uasset" 224
"../../../Engine/Content/VREditor/TransformGizmo/TranslucentTransformGizmoMaterial.uasset" 225
"../../../Engine/Content/VREditor/TransformGizmo/BoundingBoxCorner.uasset" 226
"../../../Engine/Content/VREditor/TransformGizmo/BoundingBoxEdge.uasset" 227
"../../../Engine/Content/VREditor/TransformGizmo/PlaneTranslationHandle.uasset" 228
"../../../Engine/Content/VREditor/TransformGizmo/Main.uasset" 229
"../../../Engine/Content/VREditor/TransformGizmo/Xray.uasset" 230
"../../../Engine/Content/VREditor/TransformGizmo/SM_Sequencer_Key.uasset" 231
"../../../Engine/Content/VREditor/TransformGizmo/SM_Sequencer_Node.uasset" 232
"../../Plugins/2D/Paper2D/Content/PlaceholderTextures/DummySpriteTexture.uasset" 233
"../../Plugins/2D/Paper2D/Content/DummySprite.uasset" 234
"../../Plugins/2D/Paper2D/Content/DefaultPaperTerrainMaterial.uasset" 235
"../../Plugins/2D/Paper2D/Content/DefaultSpriteMaterial.uasset" 236
"../../Plugins/2D/Paper2D/Content/MaskedUnlitSpriteMaterial.uasset" 237
"../../Plugins/2D/Paper2D/Content/OpaqueUnlitSpriteMaterial.uasset" 238
"../../Plugins/Runtime/Oculus/OculusVR/Content/Materials/PokeAHoleMaterial.uasset" 239
"../../Plugins/Runtime/Oculus/OculusVR/Content/Textures/GearVRController_AO.uasset" 240
"../../Plugins/Runtime/Oculus/OculusVR/Content/Textures/GearVRController_Color.uasset" 241
"../../Plugins/Runtime/Oculus/OculusVR/Content/Textures/GearVRController_Normal.uasset" 242
"../../Plugins/Runtime/Oculus/OculusVR/Content/Materials/GearVRControllerMaterial.uasset" 243
"../../Plugins/Runtime/Oculus/OculusVR/Content/Meshes/GearVrController.uasset" 244
"../../Plugins/Runtime/Oculus/OculusVR/Content/Textures/touchController_albedo.uasset" 245
"../../Plugins/Runtime/Oculus/OculusVR/Content/Textures/touchController_controlmap.uasset" 246
"../../Plugins/Runtime/Oculus/OculusVR/Content/Materials/touchController_mat.uasset" 247
"../../Plugins/Runtime/Oculus/OculusVR/Content/Meshes/LeftTouchController.uasset" 248
"../../Plugins/Runtime/Oculus/OculusVR/Content/Meshes/RiftHMD.uasset" 249
"../../Plugins/Runtime/Oculus/OculusVR/Content/Meshes/RightTouchController.uasset" 250
"../../../Engine/Content/EditorBlueprintResources/StandardMacros.uasset" 251
"../../../Engine/Content/EngineSky/C_Sky_Cloud_Color.uasset" 252
"../../../Engine/Content/EngineSky/C_Sky_Horizon_Color.uasset" 253
"../../../Engine/Content/EngineSky/C_Sky_Zenith_Color.uasset" 254
"../../../Engine/Content/EngineSky/T_Sky_Blue.uasset" 255
"../../../Engine/Content/EngineSky/T_Sky_Clouds_M.uasset" 256
"../../../Engine/Content/EngineSky/T_Sky_Stars.uasset" 257
"../../../Engine/Content/EngineSky/M_Sky_Panning_Clouds2.uasset" 258
"../../../Engine/Content/EngineSky/SM_SkySphere.uasset" 259
"../../../Engine/Content/EngineSky/BP_Sky_Sphere.uasset" 260
"../../../../../GitHub Repository/RollerBallGame/Content/RollingBP/Blueprints/PlayerSaveGame.uasset" 261
"../../../../../GitHub Repository/RollerBallGame/Content/StarterContent/Textures/T_MacroVariation.uasset" 262
"../../../../../GitHub Repository/RollerBallGame/Content/StarterContent/Textures/T_Metal_Gold_D.uasset" 263
"../../../../../GitHub Repository/RollerBallGame/Content/StarterContent/Textures/T_Metal_Gold_N.uasset" 264
"../../../../../GitHub Repository/RollerBallGame/Content/StarterContent/Materials/M_Metal_Gold.uasset" 265
"../../../Engine/Content/BasicShapes/Cylinder.uasset" 266
"../../../../../GitHub Repository/RollerBallGame/Content/RollingBP/Blueprints/BP_Coin.uasset" 267
"../../../../../GitHub Repository/RollerBallGame/Content/StarterContent/Textures/T_Wood_Oak_D.uasset" 268
"../../../../../GitHub Repository/RollerBallGame/Content/StarterContent/Textures/T_Wood_Oak_N.uasset" 269
"../../../../../GitHub Repository/RollerBallGame/Content/StarterContent/Materials/M_Wood_Oak.uasset" 270
"../../../Engine/Content/EngineMaterials/Grid.uasset" 271
"../../../../../GitHub Repository/RollerBallGame/Content/Rolling/Materials/PM_Ball.uasset" 272
"../../../../../GitHub Repository/RollerBallGame/Content/Rolling/Materials/M_Blue_Checker.uasset" 273
"../../../../../GitHub Repository/RollerBallGame/Content/Rolling/Meshes/BallMesh.uasset" 274
"../../../../../GitHub Repository/RollerBallGame/Content/RollingBP/HUDAssests/neuropol_x_rg.uasset" 275
"../../../../../GitHub Repository/RollerBallGame/Content/RollingBP/HUDAssests/neuropol_x_rg_Font.uasset" 276
"../../../../../GitHub Repository/RollerBallGame/Content/RollingBP/Blueprints/LoadingScreen.uasset" 277
"../../../../../GitHub Repository/RollerBallGame/Content/RollingBP/MenuAssests/MainMenuButton.uasset" 278
"../../../../../GitHub Repository/RollerBallGame/Content/RollingBP/Blueprints/PauseMenuWidget.uasset" 279
"../../../../../GitHub Repository/RollerBallGame/Content/RollingBP/Blueprints/PlayerBall.uasset" 280
"../../../Engine/Content/BasicShapes/BasicShapeMaterial.uasset" 281
"../../../Engine/Content/BasicShapes/Cube.uasset" 282
"../../../../../GitHub Repository/RollerBallGame/Content/RollingBP/Blueprints/FinishedLevel.uasset" 283
"../../../../../GitHub Repository/RollerBallGame/Content/RollingBP/Blueprints/BP_EndPlatform.uasset" 284
"../../../../../GitHub Repository/RollerBallGame/Content/RollingBP/Blueprints/BP_MovingBlock.uasset" 285
"../../../../../GitHub Repository/RollerBallGame/Content/RollingBP/Blueprints/BP_RotatingBlock.uasset" 286
"../../../../../GitHub Repository/RollerBallGame/Content/RollingBP/HUDAssests/HUDDeathElementPurple.uasset" 287
"../../../../../GitHub Repository/RollerBallGame/Content/RollingBP/Blueprints/PlayerHUDWidget.uasset" 288
"../../../../../GitHub Repository/RollerBallGame/Content/RollingBP/Blueprints/BP_PlayerHud.uasset" 289
"../../../../../GitHub Repository/RollerBallGame/Content/RollingBP/AudioAssests/3rd_Prototype_-_Feel_So_Good__NCS_Release_.uasset" 290
"../../../../../GitHub Repository/RollerBallGame/Content/RollingBP/AudioAssests/Distrion___Electro-Light_-_Drakkar__NCS_Release_.uasset" 291
"../../../../../GitHub Repository/RollerBallGame/Content/RollingBP/AudioAssests/Elektronomia_-_Heaven__NCS_Release_.uasset" 292
"../../../../../GitHub Repository/RollerBallGame/Content/RollingBP/AudioAssests/Elektronomia_-_Limitless__NCS_Release_.uasset" 293
"../../../../../GitHub Repository/RollerBallGame/Content/RollingBP/AudioAssests/ELPORT_x_VYMVN_-_Power__NCS_Release_.uasset" 294
"../../../../../GitHub Repository/RollerBallGame/Content/RollingBP/AudioAssests/Geoxor_-_You___I__NCS_Release_.uasset" 295
"../../../../../GitHub Repository/RollerBallGame/Content/RollingBP/AudioAssests/Julius_Dreisig___Zeus_X_Crona_-_Invisible__NCS_Release_.uasset" 296
"../../../../../GitHub Repository/RollerBallGame/Content/RollingBP/AudioAssests/NIVIRO_-_Dancin___NCS_Surround_Release_.uasset" 297
"../../../../../GitHub Repository/RollerBallGame/Content/RollingBP/AudioAssests/Raven___Kreyn_-_Muffin__NCS_Release_.uasset" 298
"../../../../../GitHub Repository/RollerBallGame/Content/StarterContent/Audio/Starter_Music01.uasset" 299
"../../../../../GitHub Repository/RollerBallGame/Content/RollingBP/Blueprints/RollingGameMode.uasset" 300
"../../../../../GitHub Repository/RollerBallGame/Content/RollingBP/Maps/Level1_BuiltData.uasset" 301
"../../../../../GitHub Repository/RollerBallGame/Content/StarterContent/Textures/T_Tech_Hex_Tile_M.uasset" 302
"../../../../../GitHub Repository/RollerBallGame/Content/StarterContent/Textures/T_Tech_Hex_Tile_N.uasset" 303
"../../../../../GitHub Repository/RollerBallGame/Content/StarterContent/Materials/M_Tech_Hex_Tile.uasset" 304
"../../../../../GitHub Repository/RollerBallGame/Content/StarterContent/Materials/M_Tech_Hex_Tile_Pulse.uasset" 305
"../../../../../GitHub Repository/RollerBallGame/Content/RollingBP/Maps/Level1.umap" 306
"../../../../../GitHub Repository/RollerBallGame/Content/RollingBP/Maps/Level10.umap" 307
"../../../../../GitHub Repository/RollerBallGame/Content/RollingBP/Maps/Level11.umap" 308
"../../../../../GitHub Repository/RollerBallGame/Content/RollingBP/Maps/Level12.umap" 309
"../../../../../GitHub Repository/RollerBallGame/Content/RollingBP/Maps/Level13.umap" 310
"../../../../../GitHub Repository/RollerBallGame/Content/RollingBP/Maps/Level14.umap" 311
"../../../../../GitHub Repository/RollerBallGame/Content/RollingBP/Maps/Level15.umap" 312
"../../../../../GitHub Repository/RollerBallGame/Content/RollingBP/Maps/Level16.umap" 313
"../../../../../GitHub Repository/RollerBallGame/Content/RollingBP/Maps/Level17.umap" 314
"../../../../../GitHub Repository/RollerBallGame/Content/RollingBP/Maps/Level18.umap" 315
"../../../../../GitHub Repository/RollerBallGame/Content/RollingBP/Maps/Level19.umap" 316
"../../../../../GitHub Repository/RollerBallGame/Content/RollingBP/Maps/Level2.umap" 317
"../../../../../GitHub Repository/RollerBallGame/Content/RollingBP/Maps/Level20.umap" 318
"../../../../../GitHub Repository/RollerBallGame/Content/RollingBP/Maps/Level3_BuiltData.uasset" 319
"../../../Engine/Content/EditorMaterials/AntialiasedGridFloor.uasset" 320
"../../../Engine/Content/EditorResources/TilePatine_D.uasset" 321
"../../../Engine/Content/EditorResources/TilePatine_N.uasset" 322
"../../../Engine/Content/EditorMaterials/PersonaFloorMat.uasset" 323
"../../../../../GitHub Repository/RollerBallGame/Content/StarterContent/Textures/T_Concrete_Tiles_D.uasset" 324
"../../../../../GitHub Repository/RollerBallGame/Content/StarterContent/Textures/T_Concrete_Tiles_M.uasset" 325
"../../../../../GitHub Repository/RollerBallGame/Content/StarterContent/Textures/T_Concrete_Tiles_N.uasset" 326
"../../../../../GitHub Repository/RollerBallGame/Content/StarterContent/Textures/T_Concrete_Tiles_Variation_M.uasset" 327
"../../../../../GitHub Repository/RollerBallGame/Content/StarterContent/Materials/M_Concrete_Tiles.uasset" 328
"../../../../../GitHub Repository/RollerBallGame/Content/StarterContent/Textures/T_Frame_M.uasset" 329
"../../../../../GitHub Repository/RollerBallGame/Content/StarterContent/Textures/T_Frame_N.uasset" 330
"../../../../../GitHub Repository/RollerBallGame/Content/StarterContent/Props/Materials/M_Frame.uasset" 331
"../../../../../GitHub Repository/RollerBallGame/Content/RollingBP/Maps/Level3.umap" 332
"../../../../../GitHub Repository/RollerBallGame/Content/RollingBP/Blueprints/BP_RotatingCylinder.uasset" 333
"../../../../../GitHub Repository/RollerBallGame/Content/RollingBP/Maps/Level4.umap" 334
"../../../../../GitHub Repository/RollerBallGame/Content/RollingBP/Blueprints/BP_Elevator.uasset" 335
"../../../../../GitHub Repository/RollerBallGame/Content/StarterContent/Textures/T_Checker_Noise_M.uasset" 336
"../../../../../GitHub Repository/RollerBallGame/Content/StarterContent/Textures/T_Single_Tile_N.uasset" 337
"../../../../../GitHub Repository/RollerBallGame/Content/StarterContent/Textures/T_Tech_Dot_M.uasset" 338
"../../../../../GitHub Repository/RollerBallGame/Content/StarterContent/Textures/T_Tech_Dot_N.uasset" 339
"../../../../../GitHub Repository/RollerBallGame/Content/StarterContent/Materials/M_Tech_Checker_Dot.uasset" 340
"../../../Engine/Content/EngineMaterials/OrientParticle.uasset" 341
"../../../Engine/Content/EngineMaterials/DefaultParticle.uasset" 342
"../../../../../GitHub Repository/RollerBallGame/Content/RollingBP/Blueprints/BP_ElevatorParticles.uasset" 343
"../../../../../GitHub Repository/RollerBallGame/Content/RollingBP/Maps/Level5.umap" 344
"../../../../../GitHub Repository/RollerBallGame/Content/RollingBP/Maps/Level6.umap" 345
"../../../../../GitHub Repository/RollerBallGame/Content/RollingBP/Maps/Level7.umap" 346
"../../../../../GitHub Repository/RollerBallGame/Content/StarterContent/Textures/T_Concrete_Grime_D.uasset" 347
"../../../../../GitHub Repository/RollerBallGame/Content/StarterContent/Textures/T_Metal_Rust_N.uasset" 348
"../../../../../GitHub Repository/RollerBallGame/Content/StarterContent/Textures/T_Perlin_Noise_M.uasset" 349
"../../../../../GitHub Repository/RollerBallGame/Content/StarterContent/Materials/M_Concrete_Grime.uasset" 350
"../../../../../GitHub Repository/RollerBallGame/Content/RollingBP/Maps/Level8.umap" 351
"../../../../../GitHub Repository/RollerBallGame/Content/RollingBP/Maps/Level9.umap" 352
"../../../../../GitHub Repository/RollerBallGame/Content/RollingBP/Blueprints/MainMenuController.uasset" 353
"../../../../../GitHub Repository/RollerBallGame/Content/RollingBP/MenuAssests/ButtonLegit.uasset" 354
"../../../../../GitHub Repository/RollerBallGame/Content/RollingBP/MenuAssests/GoBackButton.uasset" 355
"../../../../../GitHub Repository/RollerBallGame/Content/RollingBP/MenuAssests/InfoBar.uasset" 356
"../../../../../GitHub Repository/RollerBallGame/Content/RollingBP/MenuAssests/MenuBackground.uasset" 357
"../../../../../GitHub Repository/RollerBallGame/Content/RollingBP/Blueprints/MainMenuWudget.uasset" 358
"../../../../../GitHub Repository/RollerBallGame/Content/RollingBP/Blueprints/MainMenuHUD.uasset" 359
"../../../../../GitHub Repository/RollerBallGame/Content/RollingBP/Blueprints/MenuGameMode.uasset" 360
"../../../../../GitHub Repository/RollerBallGame/Content/RollingBP/Maps/MainMenu_BuiltData.uasset" 361
"../../../../../GitHub Repository/RollerBallGame/Content/RollingBP/Maps/MainMenu.umap" 362
"../../../../../GitHub Repository/RollerBallGame/Content/RollingBP/Maps/Tutorial_BuiltData.uasset" 363
"../../../../../GitHub Repository/RollerBallGame/Content/StarterContent/Textures/T_Metal_Copper_D.uasset" 364
"../../../../../GitHub Repository/RollerBallGame/Content/StarterContent/Materials/M_Metal_Copper.uasset" 365
"../../../../../GitHub Repository/RollerBallGame/Content/StarterContent/Textures/T_Wood_Walnut_D.uasset" 366
"../../../../../GitHub Repository/RollerBallGame/Content/StarterContent/Textures/T_Wood_Walnut_N.uasset" 367
"../../../../../GitHub Repository/RollerBallGame/Content/StarterContent/Materials/M_Wood_Walnut.uasset" 368
"../../../../../GitHub Repository/RollerBallGame/Content/Rolling/Materials/OrangeMetalMaterial.uasset" 369
"../../../../../GitHub Repository/RollerBallGame/Content/RollingBP/Maps/Tutorial.umap" 370
"../../../../../GitHub Repository/RollerBallGame/Content/StarterContent/Blueprints/Assets/FogBrightnessLUT.uasset" 371
"../../../../../GitHub Repository/RollerBallGame/Content/StarterContent/Blueprints/Assets/SunlightColorLUT.uasset" 372
"../../../../../GitHub Repository/RollerBallGame/Content/StarterContent/Blueprints/Assets/M_LightStage_Arrows.uasset" 373
"../../../Engine/Content/MapTemplates/Sky/DaylightAmbientCubemap.uasset" 374
"../../../../../GitHub Repository/RollerBallGame/Content/StarterContent/Blueprints/Assets/M_LightStage_Skybox_Master.uasset" 375
"../../../../../GitHub Repository/RollerBallGame/Content/StarterContent/Blueprints/Assets/M_LightStage_Skybox_Black.uasset" 376
"../../../../../GitHub Repository/RollerBallGame/Content/StarterContent/Blueprints/Assets/M_LightStage_Skybox_HDRI.uasset" 377
"../../../Engine/Content/EditorMaterials/Thumbnails/SkySphereMaterial.uasset" 378
"../../../../../GitHub Repository/RollerBallGame/Content/StarterContent/Blueprints/Assets/Skybox.uasset" 379
"../../../../../GitHub Repository/RollerBallGame/Content/StarterContent/Blueprints/Assets/SM_Arrows.uasset" 380
"../../../../../GitHub Repository/RollerBallGame/Content/StarterContent/HDRI/HDRI_Epic_Courtyard_Daylight.uasset" 381
"../../../../../GitHub Repository/RollerBallGame/Content/StarterContent/Blueprints/BP_LightStudio.uasset" 382
"../../../../../GitHub Repository/RollerBallGame/Content/StarterContent/Maps/Advanced_Lighting_BuiltData.uasset" 383
"../../../../../GitHub Repository/RollerBallGame/Content/StarterContent/Materials/M_AssetPlatform.uasset" 384
"../../../Engine/Content/EditorMeshes/ColorCalibrator/M_ChromeBall.uasset" 385
"../../../Engine/Content/EditorMeshes/ColorCalibrator/M_ClearCoat.uasset" 386
"../../../Engine/Content/EditorMeshes/ColorCalibrator/M_ClearCoatBlack.uasset" 387
"../../../Engine/Content/EditorMeshes/ColorCalibrator/Color_checker.uasset" 388
"../../../Engine/Content/EditorMeshes/ColorCalibrator/M_ColorGrid.uasset" 389
"../../../Engine/Content/EditorMeshes/ColorCalibrator/M_GreyBall.uasset" 390
"../../../Engine/Content/EditorMeshes/ColorCalibrator/SM_ColorCalibrator.uasset" 391
"../../../../../GitHub Repository/RollerBallGame/Content/StarterContent/Architecture/SM_AssetPlatform.uasset" 392
"../../../../../GitHub Repository/RollerBallGame/Content/StarterContent/Maps/Advanced_Lighting.umap" 393
"../../../../../GitHub Repository/RollerBallGame/Content/StarterContent/Maps/Minimal_Default_BuiltData.uasset" 394
"../../../../../GitHub Repository/RollerBallGame/Content/StarterContent/Materials/M_Metal_Brushed_Nickel.uasset" 395
"../../../../../GitHub Repository/RollerBallGame/Content/StarterContent/Textures/T_Metal_Aluminum_D.uasset" 396
"../../../../../GitHub Repository/RollerBallGame/Content/StarterContent/Materials/M_Metal_Burnished_Steel.uasset" 397
"../../../../../GitHub Repository/RollerBallGame/Content/StarterContent/Textures/T_Statue_M.uasset" 398
"../../../../../GitHub Repository/RollerBallGame/Content/StarterContent/Textures/T_Statue_N.uasset" 399
"../../../../../GitHub Repository/RollerBallGame/Content/StarterContent/Props/Materials/M_StatueGlass.uasset" 400
"../../../../../GitHub Repository/RollerBallGame/Content/StarterContent/Architecture/Floor_400x400.uasset" 401
"../../../../../GitHub Repository/RollerBallGame/Content/StarterContent/Audio/Starter_Background_Cue.uasset" 402
"../../../../../GitHub Repository/RollerBallGame/Content/StarterContent/Props/SM_Chair.uasset" 403
"../../../../../GitHub Repository/RollerBallGame/Content/StarterContent/Props/Materials/M_Statue.uasset" 404
"../../../../../GitHub Repository/RollerBallGame/Content/StarterContent/Props/SM_Statue.uasset" 405
"../../../../../GitHub Repository/RollerBallGame/Content/StarterContent/Textures/T_TableRound_M.uasset" 406
"../../../../../GitHub Repository/RollerBallGame/Content/StarterContent/Textures/T_TableRound_N.uasset" 407
"../../../../../GitHub Repository/RollerBallGame/Content/StarterContent/Props/Materials/M_TableRound.uasset" 408
"../../../../../GitHub Repository/RollerBallGame/Content/StarterContent/Props/SM_TableRound.uasset" 409
"../../../../../GitHub Repository/RollerBallGame/Content/StarterContent/Maps/Minimal_Default.umap" 410
"../../../../../GitHub Repository/RollerBallGame/Content/StarterContent/Audio/Fire01_Cue.uasset" 411
"../../../../../GitHub Repository/RollerBallGame/Content/StarterContent/Textures/T_Fire_SubUV.uasset" 412
"../../../../../GitHub Repository/RollerBallGame/Content/StarterContent/Textures/T_Fire_Tiled_D.uasset" 413
"../../../../../GitHub Repository/RollerBallGame/Content/StarterContent/Particles/Materials/M_Fire_SubUV.uasset" 414
"../../../../../GitHub Repository/RollerBallGame/Content/StarterContent/Textures/T_Water_N.uasset" 415
"../../../../../GitHub Repository/RollerBallGame/Content/StarterContent/Particles/Materials/M_Heat_Distortion.uasset" 416
"../../../../../GitHub Repository/RollerBallGame/Content/StarterContent/Particles/Materials/M_Radial_Gradient.uasset" 417
"../../../../../GitHub Repository/RollerBallGame/Content/StarterContent/Particles/P_Fire.uasset" 418
"../../../../../GitHub Repository/RollerBallGame/Content/StarterContent/Blueprints/Blueprint_Effect_Fire.uasset" 419
"../../../../../GitHub Repository/RollerBallGame/Content/StarterContent/Audio/Smoke01_Cue.uasset" 420
"../../../../../GitHub Repository/RollerBallGame/Content/StarterContent/Particles/P_Smoke.uasset" 421
"../../../../../GitHub Repository/RollerBallGame/Content/StarterContent/Blueprints/Blueprint_Effect_Smoke.uasset" 422
"../../../../../GitHub Repository/RollerBallGame/Content/StarterContent/Audio/Fire_Sparks01_Cue.uasset" 423
"../../../../../GitHub Repository/RollerBallGame/Content/StarterContent/Textures/T_Spark_Core.uasset" 424
"../../../../../GitHub Repository/RollerBallGame/Content/StarterContent/Particles/Materials/M_Spark.uasset" 425
"../../../../../GitHub Repository/RollerBallGame/Content/StarterContent/Particles/P_Sparks.uasset" 426
"../../../../../GitHub Repository/RollerBallGame/Content/StarterContent/Blueprints/Blueprint_Effect_Sparks.uasset" 427
"../../../../../GitHub Repository/RollerBallGame/Content/StarterContent/Audio/Steam01_Cue.uasset" 428
"../../../../../GitHub Repository/RollerBallGame/Content/StarterContent/Particles/P_Steam_Lit.uasset" 429
"../../../../../GitHub Repository/RollerBallGame/Content/StarterContent/Blueprints/Blueprint_Effect_Steam.uasset" 430
"../../../../../GitHub Repository/RollerBallGame/Content/StarterContent/Textures/T_Lamp_M.uasset" 431
"../../../../../GitHub Repository/RollerBallGame/Content/StarterContent/Textures/T_Lamp_N.uasset" 432
"../../../../../GitHub Repository/RollerBallGame/Content/StarterContent/Props/Materials/M_Lamp.uasset" 433
"../../../../../GitHub Repository/RollerBallGame/Content/StarterContent/Props/SM_Lamp_Ceiling.uasset" 434
"../../../../../GitHub Repository/RollerBallGame/Content/StarterContent/Blueprints/Blueprint_CeilingLight.uasset" 435
"../../../../../GitHub Repository/RollerBallGame/Content/StarterContent/Props/SM_Lamp_Wall.uasset" 436
"../../../../../GitHub Repository/RollerBallGame/Content/StarterContent/Blueprints/Blueprint_WallSconce.uasset" 437
"../../../../../GitHub Repository/RollerBallGame/Content/StarterContent/Maps/StarterMap_BuiltData.uasset" 438
"../../../Engine/Content/Functions/Engine_MaterialFunctions03/Procedurals/ComputeFilterWidth.uasset" 439
"../../../Engine/Content/EngineMaterials/AntiAliasedTextMaterialTranslucent.uasset" 440
"../../../../../GitHub Repository/RollerBallGame/Content/StarterContent/Textures/T_Brick_Clay_Beveled_D.uasset" 441
"../../../../../GitHub Repository/RollerBallGame/Content/StarterContent/Textures/T_Brick_Clay_Beveled_M.uasset" 442
"../../../../../GitHub Repository/RollerBallGame/Content/StarterContent/Textures/T_Brick_Clay_Beveled_N.uasset" 443
"../../../../../GitHub Repository/RollerBallGame/Content/StarterContent/Materials/M_Brick_Clay_Beveled.uasset" 444
"../../../../../GitHub Repository/RollerBallGame/Content/StarterContent/Textures/T_Brick_Clay_New_D.uasset" 445
"../../../../../GitHub Repository/RollerBallGame/Content/StarterContent/Textures/T_Brick_Clay_New_M.uasset" 446
"../../../../../GitHub Repository/RollerBallGame/Content/StarterContent/Textures/T_Brick_Clay_New_N.uasset" 447
"../../../../../GitHub Repository/RollerBallGame/Content/StarterContent/Materials/M_Brick_Clay_New.uasset" 448
"../../../../../GitHub Repository/RollerBallGame/Content/StarterContent/Textures/T_Brick_Clay_Old_D.uasset" 449
"../../../../../GitHub Repository/RollerBallGame/Content/StarterContent/Textures/T_Brick_Clay_Old_N.uasset" 450
"../../../../../GitHub Repository/RollerBallGame/Content/StarterContent/Materials/M_Brick_Clay_Old.uasset" 451
"../../../../../GitHub Repository/RollerBallGame/Content/StarterContent/Textures/T_Brick_Cut_Stone_D.uasset" 452
"../../../../../GitHub Repository/RollerBallGame/Content/StarterContent/Textures/T_Brick_Cut_Stone_N.uasset" 453
"../../../../../GitHub Repository/RollerBallGame/Content/StarterContent/Materials/M_Brick_Cut_Stone.uasset" 454
"../../../../../GitHub Repository/RollerBallGame/Content/StarterContent/Textures/T_Brick_Hewn_Stone_D.uasset" 455
"../../../../../GitHub Repository/RollerBallGame/Content/StarterContent/Textures/T_Brick_Hewn_Stone_M.uasset" 456
"../../../../../GitHub Repository/RollerBallGame/Content/StarterContent/Textures/T_Brick_Hewn_Stone_N.uasset" 457
"../../../../../GitHub Repository/RollerBallGame/Content/StarterContent/Materials/M_Brick_Hewn_Stone.uasset" 458
"../../../../../GitHub Repository/RollerBallGame/Content/StarterContent/Textures/T_Ceramic_Tile_M.uasset" 459
"../../../../../GitHub Repository/RollerBallGame/Content/StarterContent/Textures/T_Ceramic_Tile_N.uasset" 460
"../../../../../GitHub Repository/RollerBallGame/Content/StarterContent/Textures/T_Rock_Marble_Polished_D.uasset" 461
"../../../../../GitHub Repository/RollerBallGame/Content/StarterContent/Materials/M_Ceramic_Tile_Checker.uasset" 462
"../../../../../GitHub Repository/RollerBallGame/Content/StarterContent/Textures/T_CobbleStone_Pebble_D.uasset" 463
"../../../../../GitHub Repository/RollerBallGame/Content/StarterContent/Textures/T_CobbleStone_Pebble_M.uasset" 464
"../../../../../GitHub Repository/RollerBallGame/Content/StarterContent/Textures/T_CobbleStone_Pebble_N.uasset" 465
"../../../../../GitHub Repository/RollerBallGame/Content/StarterContent/Materials/M_CobbleStone_Pebble.uasset" 466
"../../../../../GitHub Repository/RollerBallGame/Content/StarterContent/Textures/T_CobbleStone_Rough_D.uasset" 467
"../../../../../GitHub Repository/RollerBallGame/Content/StarterContent/Textures/T_CobbleStone_Rough_N.uasset" 468
"../../../../../GitHub Repository/RollerBallGame/Content/StarterContent/Textures/T_Gradinet_01.uasset" 469
"../../../../../GitHub Repository/RollerBallGame/Content/StarterContent/Textures/T_Rock_Smooth_Granite_D.uasset" 470
"../../../../../GitHub Repository/RollerBallGame/Content/StarterContent/Materials/M_CobbleStone_Rough.uasset" 471
"../../../../../GitHub Repository/RollerBallGame/Content/StarterContent/Textures/T_CobbleStone_Smooth_D.uasset" 472
"../../../../../GitHub Repository/RollerBallGame/Content/StarterContent/Textures/T_CobbleStone_Smooth_M.uasset" 473
"../../../../../GitHub Repository/RollerBallGame/Content/StarterContent/Textures/T_CobbleStone_Smooth_N.uasset" 474
"../../../../../GitHub Repository/RollerBallGame/Content/StarterContent/Materials/M_CobbleStone_Smooth.uasset" 475
"../../../../../GitHub Repository/RollerBallGame/Content/StarterContent/Textures/T_Concrete_Panels_D.uasset" 476
"../../../../../GitHub Repository/RollerBallGame/Content/StarterContent/Textures/T_Concrete_Panels_N.uasset" 477
"../../../../../GitHub Repository/RollerBallGame/Content/StarterContent/Materials/M_Concrete_Panels.uasset" 478
"../../../../../GitHub Repository/RollerBallGame/Content/StarterContent/Textures/T_Concrete_Poured_D.uasset" 479
"../../../../../GitHub Repository/RollerBallGame/Content/StarterContent/Textures/T_Concrete_Poured_N.uasset" 480
"../../../../../GitHub Repository/RollerBallGame/Content/StarterContent/Materials/M_Concrete_Poured.uasset" 481
"../../../../../GitHub Repository/RollerBallGame/Content/StarterContent/Textures/T_Ground_Grass_D.uasset" 482
"../../../../../GitHub Repository/RollerBallGame/Content/StarterContent/Textures/T_Ground_Grass_N.uasset" 483
"../../../../../GitHub Repository/RollerBallGame/Content/StarterContent/Materials/M_Ground_Grass.uasset" 484
"../../../../../GitHub Repository/RollerBallGame/Content/StarterContent/Textures/T_Ground_Gravel_D.uasset" 485
"../../../../../GitHub Repository/RollerBallGame/Content/StarterContent/Textures/T_Ground_Gravel_N.uasset" 486
"../../../../../GitHub Repository/RollerBallGame/Content/StarterContent/Materials/M_Ground_Gravel.uasset" 487
"../../../../../GitHub Repository/RollerBallGame/Content/StarterContent/Textures/T_ground_Moss_D.uasset" 488
"../../../../../GitHub Repository/RollerBallGame/Content/StarterContent/Textures/T_Ground_Moss_N.uasset" 489
"../../../../../GitHub Repository/RollerBallGame/Content/StarterContent/Materials/M_Ground_Moss.uasset" 490
"../../../../../GitHub Repository/RollerBallGame/Content/StarterContent/Materials/M_Metal_Chrome.uasset" 491
"../../../../../GitHub Repository/RollerBallGame/Content/StarterContent/Textures/T_Metal_Rust_D.uasset" 492
"../../../../../GitHub Repository/RollerBallGame/Content/StarterContent/Materials/M_Metal_Rust.uasset" 493
"../../../../../GitHub Repository/RollerBallGame/Content/StarterContent/Textures/T_Metal_Steel_D.uasset" 494
"../../../../../GitHub Repository/RollerBallGame/Content/StarterContent/Textures/T_Metal_Steel_N.uasset" 495
"../../../../../GitHub Repository/RollerBallGame/Content/StarterContent/Materials/M_Metal_Steel.uasset" 496
"../../../../../GitHub Repository/RollerBallGame/Content/StarterContent/Textures/T_Rock_Basalt_N.uasset" 497
"../../../../../GitHub Repository/RollerBallGame/Content/StarterContent/Materials/M_Rock_Basalt.uasset" 498
"../../../../../GitHub Repository/RollerBallGame/Content/StarterContent/Materials/M_Rock_Marble_Polished.uasset" 499
"../../../../../GitHub Repository/RollerBallGame/Content/StarterContent/Textures/T_Rock_Sandstone_D.uasset" 500
"../../../../../GitHub Repository/RollerBallGame/Content/StarterContent/Textures/T_Rock_Sandstone_N.uasset" 501
"../../../../../GitHub Repository/RollerBallGame/Content/StarterContent/Materials/M_Rock_Sandstone.uasset" 502
"../../../../../GitHub Repository/RollerBallGame/Content/StarterContent/Textures/T_Rock_Slate_D.uasset" 503
"../../../../../GitHub Repository/RollerBallGame/Content/StarterContent/Textures/T_Rock_Slate_N.uasset" 504
"../../../../../GitHub Repository/RollerBallGame/Content/StarterContent/Materials/M_Rock_Slate.uasset" 505
"../../../../../GitHub Repository/RollerBallGame/Content/StarterContent/Textures/T_Tech_Panel_M.uasset" 506
"../../../../../GitHub Repository/RollerBallGame/Content/StarterContent/Textures/T_Tech_Panel_N.uasset" 507
"../../../../../GitHub Repository/RollerBallGame/Content/StarterContent/Materials/M_Tech_Panel.uasset" 508
"../../../../../GitHub Repository/RollerBallGame/Content/StarterContent/Materials/M_Water_Lake.uasset" 509
"../../../../../GitHub Repository/RollerBallGame/Content/StarterContent/Textures/T_Water_M.uasset" 510
"../../../../../GitHub Repository/RollerBallGame/Content/StarterContent/Materials/M_Water_Ocean.uasset" 511
"../../../../../GitHub Repository/RollerBallGame/Content/StarterContent/Textures/T_Wood_Floor_Walnut_D.uasset" 512
"../../../../../GitHub Repository/RollerBallGame/Content/StarterContent/Textures/T_Wood_Floor_Walnut_M.uasset" 513
"../../../../../GitHub Repository/RollerBallGame/Content/StarterContent/Textures/T_Wood_Floor_Walnut_N.uasset" 514
"../../../../../GitHub Repository/RollerBallGame/Content/StarterContent/Materials/M_Wood_Floor_Walnut_Polished.uasset" 515
"../../../Engine/Content/Functions/Engine_MaterialFunctions01/Opacity/AlphaOffset.uasset" 516
"../../../../../GitHub Repository/RollerBallGame/Content/StarterContent/Materials/M_Wood_Floor_Walnut_Worn.uasset" 517
"../../../../../GitHub Repository/RollerBallGame/Content/StarterContent/Textures/T_Wood_Pine_D.uasset" 518
"../../../../../GitHub Repository/RollerBallGame/Content/StarterContent/Textures/T_Wood_Pine_N.uasset" 519
"../../../../../GitHub Repository/RollerBallGame/Content/StarterContent/Materials/M_Wood_Pine.uasset" 520
"../../../../../GitHub Repository/RollerBallGame/Content/StarterContent/Architecture/Wall_400x200.uasset" 521
"../../../../../GitHub Repository/RollerBallGame/Content/StarterContent/Architecture/Wall_Door_400x300.uasset" 522
"../../../../../GitHub Repository/RollerBallGame/Content/StarterContent/Architecture/Wall_Window_400x300.uasset" 523
"../../../../../GitHub Repository/RollerBallGame/Content/StarterContent/Audio/Collapse_Cue.uasset" 524
"../../../../../GitHub Repository/RollerBallGame/Content/StarterContent/Audio/Starter_Music_Cue.uasset" 525
"../../../../../GitHub Repository/RollerBallGame/Content/StarterContent/Textures/T_Dust_Particle_D.uasset" 526
"../../../../../GitHub Repository/RollerBallGame/Content/StarterContent/Particles/Materials/M_Dust_Particle.uasset" 527
"../../../../../GitHub Repository/RollerBallGame/Content/StarterContent/Particles/P_Ambient_Dust.uasset" 528
"../../../../../GitHub Repository/RollerBallGame/Content/StarterContent/Props/MaterialSphere.uasset" 529
"../../../../../GitHub Repository/RollerBallGame/Content/StarterContent/Props/SM_CornerFrame.uasset" 530
"../../../../../GitHub Repository/RollerBallGame/Content/StarterContent/Props/SM_DoorFrame.uasset" 531
"../../../../../GitHub Repository/RollerBallGame/Content/StarterContent/Props/SM_GlassWindow.uasset" 532
"../../../../../GitHub Repository/RollerBallGame/Content/StarterContent/Props/SM_PillarFrame.uasset" 533
"../../../../../GitHub Repository/RollerBallGame/Content/StarterContent/Props/SM_PillarFrame300.uasset" 534
"../../../../../GitHub Repository/RollerBallGame/Content/StarterContent/Props/SM_WindowFrame.uasset" 535
"../../../../../GitHub Repository/RollerBallGame/Content/StarterContent/Shapes/Shape_Cube.uasset" 536
"../../../../../GitHub Repository/RollerBallGame/Content/StarterContent/Shapes/Shape_QuadPyramid.uasset" 537
"../../../../../GitHub Repository/RollerBallGame/Content/StarterContent/Shapes/Shape_Sphere.uasset" 538
"../../../../../GitHub Repository/RollerBallGame/Content/StarterContent/Maps/StarterMap.umap" 539
"../../../Engine/Content/Maps/Entry_BuiltData.uasset" 540
"../../../Engine/Content/Maps/Entry.umap" 541
